{"total": {"lines":{"total":508,"covered":65,"skipped":0,"pct":12.79},"statements":{"total":558,"covered":67,"skipped":0,"pct":12},"functions":{"total":170,"covered":8,"skipped":0,"pct":4.7},"branches":{"total":240,"covered":3,"skipped":0,"pct":1.25},"branchesTrue":{"total":0,"covered":0,"skipped":0,"pct":100}}
,"/home/wellington/Área de Trabalho/projects/sd-016-b-project-recipes-app/src/App.js": {"lines":{"total":1,"covered":1,"skipped":0,"pct":100},"functions":{"total":1,"covered":1,"skipped":0,"pct":100},"statements":{"total":1,"covered":1,"skipped":0,"pct":100},"branches":{"total":0,"covered":0,"skipped":0,"pct":100}}
,"/home/wellington/Área de Trabalho/projects/sd-016-b-project-recipes-app/src/components/DrinkCategorieFilter.jsx": {"lines":{"total":22,"covered":0,"skipped":0,"pct":0},"functions":{"total":6,"covered":0,"skipped":0,"pct":0},"statements":{"total":22,"covered":0,"skipped":0,"pct":0},"branches":{"total":6,"covered":0,"skipped":0,"pct":0}}
,"/home/wellington/Área de Trabalho/projects/sd-016-b-project-recipes-app/src/components/Favorite.jsx": {"lines":{"total":22,"covered":2,"skipped":0,"pct":9.09},"functions":{"total":8,"covered":0,"skipped":0,"pct":0},"statements":{"total":26,"covered":2,"skipped":0,"pct":7.69},"branches":{"total":22,"covered":0,"skipped":0,"pct":0}}
,"/home/wellington/Área de Trabalho/projects/sd-016-b-project-recipes-app/src/components/FoodCategorieFilter.jsx": {"lines":{"total":22,"covered":0,"skipped":0,"pct":0},"functions":{"total":6,"covered":0,"skipped":0,"pct":0},"statements":{"total":22,"covered":0,"skipped":0,"pct":0},"branches":{"total":6,"covered":0,"skipped":0,"pct":0}}
,"/home/wellington/Área de Trabalho/projects/sd-016-b-project-recipes-app/src/components/Footer.jsx": {"lines":{"total":11,"covered":9,"skipped":0,"pct":81.81},"functions":{"total":3,"covered":2,"skipped":0,"pct":66.66},"statements":{"total":12,"covered":10,"skipped":0,"pct":83.33},"branches":{"total":2,"covered":1,"skipped":0,"pct":50}}
,"/home/wellington/Área de Trabalho/projects/sd-016-b-project-recipes-app/src/components/Header.jsx": {"lines":{"total":31,"covered":11,"skipped":0,"pct":35.48},"functions":{"total":7,"covered":3,"skipped":0,"pct":42.85},"statements":{"total":35,"covered":12,"skipped":0,"pct":34.28},"branches":{"total":25,"covered":2,"skipped":0,"pct":8}}
,"/home/wellington/Área de Trabalho/projects/sd-016-b-project-recipes-app/src/components/IngredientsList.jsx": {"lines":{"total":7,"covered":0,"skipped":0,"pct":0},"functions":{"total":2,"covered":0,"skipped":0,"pct":0},"statements":{"total":8,"covered":0,"skipped":0,"pct":0},"branches":{"total":7,"covered":0,"skipped":0,"pct":0}}
,"/home/wellington/Área de Trabalho/projects/sd-016-b-project-recipes-app/src/components/NotFound.jsx": {"lines":{"total":1,"covered":0,"skipped":0,"pct":0},"functions":{"total":1,"covered":0,"skipped":0,"pct":0},"statements":{"total":1,"covered":0,"skipped":0,"pct":0},"branches":{"total":0,"covered":0,"skipped":0,"pct":100}}
,"/home/wellington/Área de Trabalho/projects/sd-016-b-project-recipes-app/src/components/RecipeCard.jsx": {"lines":{"total":9,"covered":1,"skipped":0,"pct":11.11},"functions":{"total":2,"covered":0,"skipped":0,"pct":0},"statements":{"total":10,"covered":1,"skipped":0,"pct":10},"branches":{"total":10,"covered":0,"skipped":0,"pct":0}}
,"/home/wellington/Área de Trabalho/projects/sd-016-b-project-recipes-app/src/components/Recommended.jsx": {"lines":{"total":16,"covered":2,"skipped":0,"pct":12.5},"functions":{"total":9,"covered":0,"skipped":0,"pct":0},"statements":{"total":19,"covered":2,"skipped":0,"pct":10.52},"branches":{"total":18,"covered":0,"skipped":0,"pct":0}}
,"/home/wellington/Área de Trabalho/projects/sd-016-b-project-recipes-app/src/components/SearchDrinkBar.jsx": {"lines":{"total":13,"covered":0,"skipped":0,"pct":0},"functions":{"total":4,"covered":0,"skipped":0,"pct":0},"statements":{"total":13,"covered":0,"skipped":0,"pct":0},"branches":{"total":0,"covered":0,"skipped":0,"pct":100}}
,"/home/wellington/Área de Trabalho/projects/sd-016-b-project-recipes-app/src/components/SearchFoodBar.jsx": {"lines":{"total":13,"covered":0,"skipped":0,"pct":0},"functions":{"total":4,"covered":0,"skipped":0,"pct":0},"statements":{"total":13,"covered":0,"skipped":0,"pct":0},"branches":{"total":0,"covered":0,"skipped":0,"pct":100}}
,"/home/wellington/Área de Trabalho/projects/sd-016-b-project-recipes-app/src/components/Share.jsx": {"lines":{"total":7,"covered":2,"skipped":0,"pct":28.57},"functions":{"total":2,"covered":0,"skipped":0,"pct":0},"statements":{"total":7,"covered":2,"skipped":0,"pct":28.57},"branches":{"total":2,"covered":0,"skipped":0,"pct":0}}
,"/home/wellington/Área de Trabalho/projects/sd-016-b-project-recipes-app/src/context/Context.jsx": {"lines":{"total":1,"covered":1,"skipped":0,"pct":100},"functions":{"total":0,"covered":0,"skipped":0,"pct":100},"statements":{"total":1,"covered":1,"skipped":0,"pct":100},"branches":{"total":0,"covered":0,"skipped":0,"pct":100}}
,"/home/wellington/Área de Trabalho/projects/sd-016-b-project-recipes-app/src/context/Provider.jsx": {"lines":{"total":71,"covered":17,"skipped":0,"pct":23.94},"functions":{"total":12,"covered":1,"skipped":0,"pct":8.33},"statements":{"total":71,"covered":17,"skipped":0,"pct":23.94},"branches":{"total":12,"covered":0,"skipped":0,"pct":0}}
,"/home/wellington/Área de Trabalho/projects/sd-016-b-project-recipes-app/src/pages/Details.jsx": {"lines":{"total":28,"covered":2,"skipped":0,"pct":7.14},"functions":{"total":8,"covered":0,"skipped":0,"pct":0},"statements":{"total":34,"covered":2,"skipped":0,"pct":5.88},"branches":{"total":29,"covered":0,"skipped":0,"pct":0}}
,"/home/wellington/Área de Trabalho/projects/sd-016-b-project-recipes-app/src/pages/Drinks.jsx": {"lines":{"total":13,"covered":0,"skipped":0,"pct":0},"functions":{"total":5,"covered":0,"skipped":0,"pct":0},"statements":{"total":16,"covered":0,"skipped":0,"pct":0},"branches":{"total":14,"covered":0,"skipped":0,"pct":0}}
,"/home/wellington/Área de Trabalho/projects/sd-016-b-project-recipes-app/src/pages/Explore.jsx": {"lines":{"total":4,"covered":0,"skipped":0,"pct":0},"functions":{"total":3,"covered":0,"skipped":0,"pct":0},"statements":{"total":4,"covered":0,"skipped":0,"pct":0},"branches":{"total":0,"covered":0,"skipped":0,"pct":100}}
,"/home/wellington/Área de Trabalho/projects/sd-016-b-project-recipes-app/src/pages/ExploreDrinks.jsx": {"lines":{"total":14,"covered":0,"skipped":0,"pct":0},"functions":{"total":5,"covered":0,"skipped":0,"pct":0},"statements":{"total":14,"covered":0,"skipped":0,"pct":0},"branches":{"total":0,"covered":0,"skipped":0,"pct":100}}
,"/home/wellington/Área de Trabalho/projects/sd-016-b-project-recipes-app/src/pages/ExploreFoods.jsx": {"lines":{"total":15,"covered":0,"skipped":0,"pct":0},"functions":{"total":6,"covered":0,"skipped":0,"pct":0},"statements":{"total":15,"covered":0,"skipped":0,"pct":0},"branches":{"total":0,"covered":0,"skipped":0,"pct":100}}
,"/home/wellington/Área de Trabalho/projects/sd-016-b-project-recipes-app/src/pages/ExploreIngredients.jsx": {"lines":{"total":30,"covered":3,"skipped":0,"pct":10},"functions":{"total":14,"covered":0,"skipped":0,"pct":0},"statements":{"total":33,"covered":3,"skipped":0,"pct":9.09},"branches":{"total":12,"covered":0,"skipped":0,"pct":0}}
,"/home/wellington/Área de Trabalho/projects/sd-016-b-project-recipes-app/src/pages/ExploreNationalities.jsx": {"lines":{"total":25,"covered":3,"skipped":0,"pct":12},"functions":{"total":16,"covered":0,"skipped":0,"pct":0},"statements":{"total":33,"covered":3,"skipped":0,"pct":9.09},"branches":{"total":10,"covered":0,"skipped":0,"pct":0}}
,"/home/wellington/Área de Trabalho/projects/sd-016-b-project-recipes-app/src/pages/FavDoneRecipes.jsx": {"lines":{"total":32,"covered":2,"skipped":0,"pct":6.25},"functions":{"total":17,"covered":0,"skipped":0,"pct":0},"statements":{"total":36,"covered":2,"skipped":0,"pct":5.55},"branches":{"total":12,"covered":0,"skipped":0,"pct":0}}
,"/home/wellington/Área de Trabalho/projects/sd-016-b-project-recipes-app/src/pages/FavoriteRecipes.jsx": {"lines":{"total":1,"covered":0,"skipped":0,"pct":0},"functions":{"total":1,"covered":0,"skipped":0,"pct":0},"statements":{"total":1,"covered":0,"skipped":0,"pct":0},"branches":{"total":0,"covered":0,"skipped":0,"pct":100}}
,"/home/wellington/Área de Trabalho/projects/sd-016-b-project-recipes-app/src/pages/Foods.jsx": {"lines":{"total":13,"covered":0,"skipped":0,"pct":0},"functions":{"total":5,"covered":0,"skipped":0,"pct":0},"statements":{"total":16,"covered":0,"skipped":0,"pct":0},"branches":{"total":14,"covered":0,"skipped":0,"pct":0}}
,"/home/wellington/Área de Trabalho/projects/sd-016-b-project-recipes-app/src/pages/InProgress.jsx": {"lines":{"total":49,"covered":2,"skipped":0,"pct":4.08},"functions":{"total":13,"covered":0,"skipped":0,"pct":0},"statements":{"total":57,"covered":2,"skipped":0,"pct":3.5},"branches":{"total":32,"covered":0,"skipped":0,"pct":0}}
,"/home/wellington/Área de Trabalho/projects/sd-016-b-project-recipes-app/src/pages/Login.jsx": {"lines":{"total":27,"covered":7,"skipped":0,"pct":25.92},"functions":{"total":5,"covered":1,"skipped":0,"pct":20},"statements":{"total":27,"covered":7,"skipped":0,"pct":25.92},"branches":{"total":5,"covered":0,"skipped":0,"pct":0}}
,"/home/wellington/Área de Trabalho/projects/sd-016-b-project-recipes-app/src/pages/Profile.jsx": {"lines":{"total":9,"covered":0,"skipped":0,"pct":0},"functions":{"total":4,"covered":0,"skipped":0,"pct":0},"statements":{"total":10,"covered":0,"skipped":0,"pct":0},"branches":{"total":2,"covered":0,"skipped":0,"pct":0}}
,"/home/wellington/Área de Trabalho/projects/sd-016-b-project-recipes-app/src/pages/TelaInicial.jsx": {"lines":{"total":1,"covered":0,"skipped":0,"pct":0},"functions":{"total":1,"covered":0,"skipped":0,"pct":0},"statements":{"total":1,"covered":0,"skipped":0,"pct":0},"branches":{"total":0,"covered":0,"skipped":0,"pct":100}}
,"/home/wellington/Área de Trabalho/projects/sd-016-b-project-recipes-app/src/utils/fetch.js": {"lines":{"total":0,"covered":0,"skipped":0,"pct":100},"functions":{"total":0,"covered":0,"skipped":0,"pct":100},"statements":{"total":0,"covered":0,"skipped":0,"pct":100},"branches":{"total":0,"covered":0,"skipped":0,"pct":100}}
}
